{
  "stats": {
    "suites": 1,
    "tests": 1,
    "passes": 1,
    "pending": 0,
    "failures": 0,
    "start": "2025-01-14T10:50:43.719Z",
    "end": "2025-01-14T10:52:58.160Z",
    "duration": 134441,
    "testsRegistered": 1,
    "passPercent": 100,
    "pendingPercent": 0,
    "other": 0,
    "hasOther": false,
    "skipped": 0,
    "hasSkipped": false
  },
  "results": [
    {
      "uuid": "7bd1915d-f051-478b-ad5a-c946d08428bd",
      "title": "",
      "fullFile": "cypress\\e2e\\hackerrankData.cy.js",
      "file": "cypress\\e2e\\hackerrankData.cy.js",
      "beforeHooks": [],
      "afterHooks": [],
      "tests": [],
      "suites": [
        {
          "uuid": "6819d42f-92ff-424f-8985-e618fd4386aa",
          "title": "Hackerrank Submissions Scraper with Days Filter and Pagination",
          "fullFile": "",
          "file": "",
          "beforeHooks": [],
          "afterHooks": [],
          "tests": [
            {
              "title": "Logs in, scrapes all pages, and filters submissions for time <= specified days",
              "fullTitle": "Hackerrank Submissions Scraper with Days Filter and Pagination Logs in, scrapes all pages, and filters submissions for time <= specified days",
              "timedOut": null,
              "duration": 70103,
              "state": "passed",
              "speed": "slow",
              "pass": true,
              "fail": false,
              "pending": false,
              "context": null,
              "code": "// Login to Hackerrank\n(0, _hackerrankTestCy.hackerrankTestSuite)();\n// Ensure the dashboard or another valid page loads\ncy.url().then(url => {\n  if (!url.includes('dashboard')) {\n    cy.url().should('include', 'hackerrank.com');\n  }\n});\n// Navigate to Submissions page\ncy.visit('https://hackerrank.com/submissions/');\ncy.wait(5000); // Wait for submissions to load\n// Start scraping from the first page\nscrapePage();",
              "err": {},
              "uuid": "7b6aea3e-f704-4aa0-b49e-686f0113113f",
              "parentUUID": "6819d42f-92ff-424f-8985-e618fd4386aa",
              "isHook": false,
              "skipped": false
            }
          ],
          "suites": [],
          "passes": [
            "7b6aea3e-f704-4aa0-b49e-686f0113113f"
          ],
          "failures": [],
          "pending": [],
          "skipped": [],
          "duration": 70103,
          "root": false,
          "rootEmpty": false,
          "_timeout": 2000
        }
      ],
      "passes": [],
      "failures": [],
      "pending": [],
      "skipped": [],
      "duration": 0,
      "root": true,
      "rootEmpty": true,
      "_timeout": 2000
    }
  ],
  "meta": {
    "mocha": {
      "version": "7.0.1"
    },
    "mochawesome": {
      "options": {
        "quiet": false,
        "reportFilename": "mochawesome",
        "saveHtml": true,
        "saveJson": true,
        "consoleReporter": "spec",
        "useInlineDiffs": false,
        "code": true
      },
      "version": "7.1.3"
    },
    "marge": {
      "options": {
        "reportDir": "cypress/reports",
        "overwrite": false,
        "html": true,
        "json": true
      },
      "version": "6.2.0"
    }
  }
}