{
  "stats": {
    "suites": 1,
    "tests": 1,
    "passes": 0,
    "pending": 0,
    "failures": 1,
    "start": "2025-01-14T10:21:04.771Z",
    "end": "2025-01-14T10:24:22.490Z",
    "duration": 197719,
    "testsRegistered": 1,
    "passPercent": 0,
    "pendingPercent": 0,
    "other": 0,
    "hasOther": false,
    "skipped": 0,
    "hasSkipped": false
  },
  "results": [
    {
      "uuid": "313dd4b0-da3b-4a8f-9deb-59b5dc8d4bf8",
      "title": "",
      "fullFile": "cypress\\e2e\\hackerrankData.cy.js",
      "file": "cypress\\e2e\\hackerrankData.cy.js",
      "beforeHooks": [],
      "afterHooks": [],
      "tests": [],
      "suites": [
        {
          "uuid": "804d5ac2-19bd-4a05-930d-c2205c4a15f9",
          "title": "Hackerrank Submissions Scraper with Days Filter and Pagination",
          "fullFile": "",
          "file": "",
          "beforeHooks": [],
          "afterHooks": [],
          "tests": [
            {
              "title": "Logs in, scrapes all pages, and filters submissions for time <= specified days",
              "fullTitle": "Hackerrank Submissions Scraper with Days Filter and Pagination Logs in, scrapes all pages, and filters submissions for time <= specified days",
              "timedOut": null,
              "duration": 70481,
              "state": "failed",
              "speed": null,
              "pass": false,
              "fail": true,
              "pending": false,
              "context": null,
              "code": "// Login to Hackerrank\n(0, _hackerrankTestCy.hackerrankTestSuite)();\n// Ensure the dashboard or another valid page loads\ncy.url().then(url => {\n  if (!url.includes('dashboard')) {\n    cy.url().should('include', 'hackerrank.com');\n  }\n});\n// Navigate to Submissions page\ncy.visit('https://hackerrank.com/submissions/');\ncy.wait(5000); // Wait for submissions to load\n// Start scraping from the first page\nscrapePage();",
              "err": {
                "message": "CypressError: `cy.task('convertToExcel')` failed with the following error:\n\n> EBUSY: resource busy or locked, open 'C:\\Users\\Lenovo\\Hackerrank Automation\\cypress\\reports\\hackerrank_Submissions.xlsx'\n\nhttps://on.cypress.io/api/task",
                "estack": "CypressError: `cy.task('convertToExcel')` failed with the following error:\n\n> EBUSY: resource busy or locked, open 'C:\\Users\\Lenovo\\Hackerrank Automation\\cypress\\reports\\hackerrank_Submissions.xlsx'\n\nhttps://on.cypress.io/api/task\n    at <unknown> (https://hackerrank.com/__cypress/runner/cypress_runner.js:135123:70)\n    at tryCatcher (https://hackerrank.com/__cypress/runner/cypress_runner.js:1830:23)\n    at Promise._settlePromiseFromHandler (https://hackerrank.com/__cypress/runner/cypress_runner.js:1542:31)\n    at Promise._settlePromise (https://hackerrank.com/__cypress/runner/cypress_runner.js:1599:18)\n    at Promise._settlePromise0 (https://hackerrank.com/__cypress/runner/cypress_runner.js:1644:10)\n    at Promise._settlePromises (https://hackerrank.com/__cypress/runner/cypress_runner.js:1720:18)\n    at _drainQueueStep (https://hackerrank.com/__cypress/runner/cypress_runner.js:2430:12)\n    at _drainQueue (https://hackerrank.com/__cypress/runner/cypress_runner.js:2423:9)\n    at Async._drainQueues (https://hackerrank.com/__cypress/runner/cypress_runner.js:2439:5)\n    at Async.drainQueues (https://hackerrank.com/__cypress/runner/cypress_runner.js:2309:14)\nFrom Your Spec Code:\n    at Context.eval (webpack://hackerrank-automation/./cypress/e2e/hackerrankData.cy.js:44:23)\n\nFrom Node.js Internals:\n  Error: EBUSY: resource busy or locked, open 'C:\\Users\\Lenovo\\Hackerrank Automation\\cypress\\reports\\hackerrank_Submissions.xlsx'\n      at Object.openSync (node:fs:562:18)\n      at Object.writeFileSync (node:fs:2440:35)\n      at write_dl (C:\\Users\\Lenovo\\Hackerrank Automation\\node_modules\\xlsx\\xlsx.js:3109:112)\n      at write_zip_denouement (C:\\Users\\Lenovo\\Hackerrank Automation\\node_modules\\xlsx\\xlsx.js:23784:31)\n      at write_zip_type (C:\\Users\\Lenovo\\Hackerrank Automation\\node_modules\\xlsx\\xlsx.js:23754:9)\n      at writeSync (C:\\Users\\Lenovo\\Hackerrank Automation\\node_modules\\xlsx\\xlsx.js:23891:22)\n      at Object.writeFileSync (C:\\Users\\Lenovo\\Hackerrank Automation\\node_modules\\xlsx\\xlsx.js:23914:9)\n      at convertToExcel (C:\\Users\\Lenovo\\Hackerrank Automation\\cypress.config.js:34:18)\n      at invoke (C:\\Users\\Lenovo\\AppData\\Local\\Cypress\\Cache\\13.17.0\\Cypress\\resources\\app\\node_modules\\@packages\\server\\lib\\plugins\\child\\run_plugins.js:248:16)\n      at <unknown> (C:\\Users\\Lenovo\\AppData\\Local\\Cypress\\Cache\\13.17.0\\Cypress\\resources\\app\\node_modules\\@packages\\server\\lib\\plugins\\util.js:59:14)\n      at tryCatcher (C:\\Users\\Lenovo\\AppData\\Local\\Cypress\\Cache\\13.17.0\\Cypress\\resources\\app\\node_modules\\bluebird\\js\\release\\util.js:16:23)\n      at Promise.attempt.Promise.try (C:\\Users\\Lenovo\\AppData\\Local\\Cypress\\Cache\\13.17.0\\Cypress\\resources\\app\\node_modules\\bluebird\\js\\release\\method.js:39:29)\n      at Object.wrapChildPromise (C:\\Users\\Lenovo\\AppData\\Local\\Cypress\\Cache\\13.17.0\\Cypress\\resources\\app\\node_modules\\@packages\\server\\lib\\plugins\\util.js:58:23)\n      at RunPlugins.taskExecute (C:\\Users\\Lenovo\\AppData\\Local\\Cypress\\Cache\\13.17.0\\Cypress\\resources\\app\\node_modules\\@packages\\server\\lib\\plugins\\child\\run_plugins.js:254:10)\n      at RunPlugins.execute (C:\\Users\\Lenovo\\AppData\\Local\\Cypress\\Cache\\13.17.0\\Cypress\\resources\\app\\node_modules\\@packages\\server\\lib\\plugins\\child\\run_plugins.js:166:21)\n      at EventEmitter.<anonymous> (C:\\Users\\Lenovo\\AppData\\Local\\Cypress\\Cache\\13.17.0\\Cypress\\resources\\app\\node_modules\\@packages\\server\\lib\\plugins\\child\\run_plugins.js:56:12)\n      at EventEmitter.emit (node:events:524:28)\n      at process.<anonymous> (C:\\Users\\Lenovo\\AppData\\Local\\Cypress\\Cache\\13.17.0\\Cypress\\resources\\app\\node_modules\\@packages\\server\\lib\\plugins\\util.js:33:22)\n      at process.emit (node:events:524:28)\n      at emit (node:internal/child_process:949:14)\n      at process.processTicksAndRejections (node:internal/process/task_queues:91:21)",
                "diff": null
              },
              "uuid": "2f42c65b-4f95-4b95-9beb-57481ace4d02",
              "parentUUID": "804d5ac2-19bd-4a05-930d-c2205c4a15f9",
              "isHook": false,
              "skipped": false
            }
          ],
          "suites": [],
          "passes": [],
          "failures": [
            "2f42c65b-4f95-4b95-9beb-57481ace4d02"
          ],
          "pending": [],
          "skipped": [],
          "duration": 70481,
          "root": false,
          "rootEmpty": false,
          "_timeout": 2000
        }
      ],
      "passes": [],
      "failures": [],
      "pending": [],
      "skipped": [],
      "duration": 0,
      "root": true,
      "rootEmpty": true,
      "_timeout": 2000
    }
  ],
  "meta": {
    "mocha": {
      "version": "7.0.1"
    },
    "mochawesome": {
      "options": {
        "quiet": false,
        "reportFilename": "mochawesome",
        "saveHtml": true,
        "saveJson": true,
        "consoleReporter": "spec",
        "useInlineDiffs": false,
        "code": true
      },
      "version": "7.1.3"
    },
    "marge": {
      "options": {
        "reportDir": "cypress/reports",
        "overwrite": false,
        "html": true,
        "json": true
      },
      "version": "6.2.0"
    }
  }
}